<?xml version="1.0" encoding="UTF-8"?>
<testsuite name="Cucumber" time="42.308" tests="1" skipped="0" failures="0" errors="0">
<testcase classname="Cucumber Report" name="Cucumber Report" time="40.948">
<system-out><![CDATA[
Given "getir" sitesine gidilir..............................................passed
When cerezleri kapatir......................................................passed
Then sayfada oldugunu dogrular..............................................passed
]]></system-out>
</testcase>
</testsuite>
